2024-08-22 07:09:18,339 ERROR .validate() should return the validated data 112 
Traceback (most recent call last):
  File "/home/anishchengre/django/brewing-pathshala/category/api/views/base_category_management_views.py", line 35, in post
    if serializer.is_valid():
       ^^^^^^^^^^^^^^^^^^^^^
  File "/home/anishchengre/django/brewing-pathshala/coffeeenv/lib/python3.11/site-packages/rest_framework/serializers.py", line 223, in is_valid
    self._validated_data = self.run_validation(self.initial_data)
                           ^^^^^^^^^^^^^^^^^^^^^^^^^^^^^^^^^^^^^^
  File "/home/anishchengre/django/brewing-pathshala/coffeeenv/lib/python3.11/site-packages/rest_framework/serializers.py", line 446, in run_validation
    assert value is not None, '.validate() should return the validated data'
           ^^^^^^^^^^^^^^^^^
AssertionError: .validate() should return the validated data
2024-08-22 07:09:18,339 ERROR Internal Server Error: /base-categories/ 241 
2024-08-22 07:09:18,339 ERROR "POST /base-categories/ HTTP/1.1" 500 61 212 
2024-08-22 07:09:50,987 INFO /home/anishchengre/django/brewing-pathshala/category/api/serializers/base_category_serializers.py changed, reloading. 266 
2024-08-22 07:09:51,290 INFO Watching for file changes with StatReloader 668 
2024-08-22 07:09:52,394 INFO "GET /base-categories/ HTTP/1.1" 200 343 212 
2024-08-22 07:09:54,700 INFO "POST /base-categories/ HTTP/1.1" 200 78 212 
2024-08-22 07:10:13,707 INFO /home/anishchengre/django/brewing-pathshala/category/api/serializers/base_category_serializers.py changed, reloading. 266 
2024-08-22 07:10:14,017 INFO Watching for file changes with StatReloader 668 
2024-08-22 07:10:19,557 INFO "DELETE /base-categories/bakery-7/ HTTP/1.1" 200 69 212 
2024-08-22 07:10:21,951 INFO "GET /base-categories/ HTTP/1.1" 200 343 212 
2024-08-22 07:10:30,265 INFO "POST /base-categories/ HTTP/1.1" 200 78 212 
2024-08-22 07:10:37,806 INFO "GET /base-categories/ HTTP/1.1" 200 486 212 
2024-08-22 07:10:48,671 INFO /home/anishchengre/django/brewing-pathshala/category/api/serializers/base_category_serializers.py changed, reloading. 266 
2024-08-22 07:10:48,993 INFO Watching for file changes with StatReloader 668 
2024-08-22 07:11:15,017 INFO "PATCH /base-categories/bakery-8/ HTTP/1.1" 200 68 212 
2024-08-22 07:11:22,597 ERROR BaseCategory matching query does not exist. 112 
Traceback (most recent call last):
  File "/home/anishchengre/django/brewing-pathshala/category/api/views/base_category_management_views.py", line 70, in update
    base_category = BaseCategory.objects.get(category_slug=base_category_slug, is_deleted=False)
                    ^^^^^^^^^^^^^^^^^^^^^^^^^^^^^^^^^^^^^^^^^^^^^^^^^^^^^^^^^^^^^^^^^^^^^^^^^^^^
  File "/home/anishchengre/django/brewing-pathshala/coffeeenv/lib/python3.11/site-packages/django/db/models/manager.py", line 87, in manager_method
    return getattr(self.get_queryset(), name)(*args, **kwargs)
           ^^^^^^^^^^^^^^^^^^^^^^^^^^^^^^^^^^^^^^^^^^^^^^^^^^^
  File "/home/anishchengre/django/brewing-pathshala/coffeeenv/lib/python3.11/site-packages/django/db/models/query.py", line 649, in get
    raise self.model.DoesNotExist(
category.models.BaseCategory.DoesNotExist: BaseCategory matching query does not exist.
2024-08-22 07:11:22,598 WARNING Bad Request: /base-categories/bakery-8/ 241 
2024-08-22 07:11:22,598 WARNING "PATCH /base-categories/bakery-8/ HTTP/1.1" 400 77 212 
2024-08-22 07:12:43,276 INFO /home/anishchengre/django/brewing-pathshala/category/api/serializers/base_category_serializers.py changed, reloading. 266 
2024-08-22 07:12:43,562 INFO Watching for file changes with StatReloader 668 
2024-08-22 07:14:06,536 INFO /home/anishchengre/django/brewing-pathshala/course/models.py changed, reloading. 266 
2024-08-22 07:14:06,888 INFO Watching for file changes with StatReloader 668 
2024-08-22 07:27:02,120 INFO /home/anishchengre/django/brewing-pathshala/course/models.py changed, reloading. 266 
2024-08-22 07:27:02,468 INFO Watching for file changes with StatReloader 668 
2024-08-22 07:27:14,822 INFO /home/anishchengre/django/brewing-pathshala/usable/constants.py changed, reloading. 266 
2024-08-22 07:27:15,222 INFO Watching for file changes with StatReloader 668 
2024-08-22 07:27:24,500 INFO /home/anishchengre/django/brewing-pathshala/course/models.py changed, reloading. 266 
2024-08-22 07:27:24,832 INFO Watching for file changes with StatReloader 668 
2024-08-22 07:27:31,057 INFO /home/anishchengre/django/brewing-pathshala/usable/constants.py changed, reloading. 266 
2024-08-22 07:27:31,395 INFO Watching for file changes with StatReloader 668 
2024-08-22 07:29:37,007 INFO /home/anishchengre/django/brewing-pathshala/course/models.py changed, reloading. 266 
2024-08-22 07:29:37,319 INFO Watching for file changes with StatReloader 668 
2024-08-22 07:30:08,654 INFO /home/anishchengre/django/brewing-pathshala/usable/constants.py changed, reloading. 266 
2024-08-22 07:30:08,908 INFO Watching for file changes with StatReloader 668 
2024-08-22 07:30:21,150 INFO /home/anishchengre/django/brewing-pathshala/usable/constants.py changed, reloading. 266 
2024-08-22 07:30:21,491 INFO Watching for file changes with StatReloader 668 
2024-08-22 07:32:55,181 INFO /home/anishchengre/django/brewing-pathshala/course/models.py changed, reloading. 266 
2024-08-22 07:32:55,443 INFO Watching for file changes with StatReloader 668 
2024-08-23 19:05:57,730 INFO Watching for file changes with StatReloader 668 
2024-08-23 19:06:07,021 INFO /home/anishchengre/django/brewing-pathshala/course/models.py changed, reloading. 266 
2024-08-23 19:06:07,322 INFO Watching for file changes with StatReloader 668 
2024-08-23 19:06:41,905 INFO /home/anishchengre/django/brewing-pathshala/course/models.py changed, reloading. 266 
2024-08-23 19:06:42,236 INFO Watching for file changes with StatReloader 668 
2024-08-23 19:06:53,613 INFO /home/anishchengre/django/brewing-pathshala/course/models.py changed, reloading. 266 
2024-08-23 19:06:53,924 INFO Watching for file changes with StatReloader 668 
2024-08-23 19:07:00,860 INFO "GET /groups/ HTTP/1.1" 200 85 212 
2024-08-23 19:07:14,139 INFO "GET /admin/ HTTP/1.1" 302 0 212 
2024-08-23 19:07:14,170 INFO "GET /admin/login/?next=/admin/ HTTP/1.1" 200 4154 212 
2024-08-23 19:07:14,259 INFO "GET /static/admin/css/base.css HTTP/1.1" 304 0 212 
2024-08-23 19:07:14,264 INFO "GET /static/admin/css/dark_mode.css HTTP/1.1" 304 0 212 
2024-08-23 19:07:14,268 INFO "GET /static/admin/css/nav_sidebar.css HTTP/1.1" 304 0 212 
2024-08-23 19:07:14,269 INFO "GET /static/admin/js/theme.js HTTP/1.1" 304 0 212 
2024-08-23 19:07:14,269 INFO "GET /static/admin/js/nav_sidebar.js HTTP/1.1" 304 0 212 
2024-08-23 19:07:14,269 INFO "GET /static/admin/css/login.css HTTP/1.1" 304 0 212 
2024-08-23 19:07:14,270 INFO "GET /static/admin/css/responsive.css HTTP/1.1" 304 0 212 
2024-08-23 19:07:19,231 INFO "POST /admin/login/?next=/admin/ HTTP/1.1" 302 0 212 
2024-08-23 19:07:19,259 INFO "GET /admin/ HTTP/1.1" 200 9262 212 
2024-08-23 19:07:19,321 INFO "GET /static/admin/css/dashboard.css HTTP/1.1" 304 0 212 
2024-08-23 19:07:19,344 INFO "GET /static/admin/img/icon-deletelink.svg HTTP/1.1" 200 392 212 
2024-08-23 19:07:19,345 INFO "GET /static/admin/img/icon-changelink.svg HTTP/1.1" 200 380 212 
2024-08-23 19:07:19,345 INFO "GET /static/admin/img/icon-addlink.svg HTTP/1.1" 200 331 212 
2024-08-23 19:07:20,928 INFO "GET /admin/auth/group/ HTTP/1.1" 200 8784 212 
2024-08-23 19:07:20,954 INFO "GET /static/admin/css/changelists.css HTTP/1.1" 200 6811 212 
2024-08-23 19:07:20,956 INFO "GET /static/admin/img/search.svg HTTP/1.1" 200 458 212 
2024-08-23 19:07:20,966 INFO "GET /static/admin/js/admin/RelatedObjectLookups.js HTTP/1.1" 304 0 212 
2024-08-23 19:07:20,967 INFO "GET /static/admin/js/vendor/jquery/jquery.js HTTP/1.1" 304 0 212 
2024-08-23 19:07:20,968 INFO "GET /static/admin/js/core.js HTTP/1.1" 304 0 212 
2024-08-23 19:07:20,968 INFO "GET /static/admin/js/jquery.init.js HTTP/1.1" 304 0 212 
2024-08-23 19:07:20,969 INFO "GET /static/admin/js/filters.js HTTP/1.1" 200 978 212 
2024-08-23 19:07:20,970 INFO "GET /static/admin/js/urlify.js HTTP/1.1" 304 0 212 
2024-08-23 19:07:20,970 INFO "GET /static/admin/js/actions.js HTTP/1.1" 304 0 212 
2024-08-23 19:07:20,983 INFO "GET /admin/jsi18n/ HTTP/1.1" 200 3342 212 
2024-08-23 19:07:20,984 INFO "GET /static/admin/js/prepopulate.js HTTP/1.1" 304 0 212 
2024-08-23 19:07:21,001 INFO "GET /static/admin/js/vendor/xregexp/xregexp.js HTTP/1.1" 304 0 212 
2024-08-23 19:07:21,063 INFO "GET /static/admin/img/tooltag-add.svg HTTP/1.1" 200 331 212 
2024-08-23 19:07:30,026 INFO "GET /admin/auth/group/3/change/ HTTP/1.1" 200 13193 212 
2024-08-23 19:07:30,052 INFO "GET /static/admin/js/SelectBox.js HTTP/1.1" 200 4530 212 
2024-08-23 19:07:30,052 INFO "GET /static/admin/js/SelectFilter2.js HTTP/1.1" 200 15492 212 
2024-08-23 19:07:30,052 INFO "GET /static/admin/css/forms.css HTTP/1.1" 304 0 212 
2024-08-23 19:07:30,067 INFO "GET /static/admin/js/change_form.js HTTP/1.1" 304 0 212 
2024-08-23 19:07:30,068 INFO "GET /static/admin/js/prepopulate_init.js HTTP/1.1" 304 0 212 
2024-08-23 19:07:30,069 INFO "GET /admin/jsi18n/ HTTP/1.1" 200 3342 212 
2024-08-23 19:07:30,099 INFO "GET /static/admin/css/widgets.css HTTP/1.1" 200 11800 212 
2024-08-23 19:07:30,169 INFO "GET /static/admin/img/icon-unknown.svg HTTP/1.1" 200 655 212 
2024-08-23 19:07:30,170 INFO "GET /static/admin/img/selector-icons.svg HTTP/1.1" 200 3291 212 
2024-08-23 19:07:30,171 INFO "GET /static/admin/img/icon-unknown-alt.svg HTTP/1.1" 200 655 212 
2024-08-23 19:07:37,464 INFO "POST /admin/auth/group/3/change/ HTTP/1.1" 302 0 212 
2024-08-23 19:07:37,488 INFO "GET /admin/auth/group/ HTTP/1.1" 200 8978 212 
2024-08-23 19:07:37,568 INFO "GET /admin/jsi18n/ HTTP/1.1" 200 3342 212 
2024-08-23 19:07:37,630 INFO "GET /static/admin/img/icon-yes.svg HTTP/1.1" 200 436 212 
2024-08-23 19:07:39,364 INFO "GET /groups/ HTTP/1.1" 200 4627 212 
2024-08-24 05:30:02,921 INFO Watching for file changes with StatReloader 668 
2024-09-11 14:12:55,572 INFO Watching for file changes with StatReloader 668 
